<?xml version="1.0" encoding="UTF-8"?>
<!-- Generated by org.testng.reporters.JUnitXMLReporter -->
<testsuite hostname="Latitude-E5570" ignored="4" name="Test" tests="11" failures="0" timestamp="20 May 2019 01:21:42 GMT" time="5.637" errors="0">
  <testcase name="@BeforeMethod testPageTitle" time="0.0" classname="tests.AfterLogin">
    <failure type="java.lang.NullPointerException">
      <![CDATA[java.lang.NullPointerException
at pages.SignInPage.clickOnSignButton(SignInPage.java:30)
at pages.SignInPage.signinWithCredentials(SignInPage.java:74)
at tests.AfterLogin.testPageTitle(AfterLogin.java:30)
... Removed 28 stack frames]]>
    </failure>
  </testcase> <!-- @BeforeMethod testPageTitle -->
  <testcase name="@AfterMethod refreshBrowser" time="0.0" classname="tests.AfterLogin">
    <skipped/>
  </testcase> <!-- @AfterMethod refreshBrowser -->
  <testcase name="@BeforeMethod testPageTitle" time="0.001" classname="tests.Tasks">
    <failure type="java.lang.NullPointerException">
      <![CDATA[java.lang.NullPointerException
at pages.SignInPage.clickOnSignButton(SignInPage.java:30)
at pages.SignInPage.signinWithCredentials(SignInPage.java:74)
at tests.Tasks.testPageTitle(Tasks.java:28)
... Removed 28 stack frames]]>
    </failure>
  </testcase> <!-- @BeforeMethod testPageTitle -->
  <testcase name="@AfterMethod refreshBrowser" time="0.0" classname="tests.Tasks">
    <skipped/>
  </testcase> <!-- @AfterMethod refreshBrowser -->
  <testcase name="@BeforeMethod testPageTitle" time="0.0" classname="tests.AfterLogin">
    <skipped/>
  </testcase> <!-- @BeforeMethod testPageTitle -->
  <testcase name="@AfterMethod refreshBrowser" time="0.0" classname="tests.AfterLogin">
    <skipped/>
  </testcase> <!-- @AfterMethod refreshBrowser -->
  <testcase name="@BeforeMethod testPageTitle" time="0.0" classname="tests.Tasks">
    <skipped/>
  </testcase> <!-- @BeforeMethod testPageTitle -->
  <testcase name="@AfterMethod refreshBrowser" time="0.0" classname="tests.Tasks">
    <skipped/>
  </testcase> <!-- @AfterMethod refreshBrowser -->
  <testcase name="@BeforeMethod testPageTitle" time="0.0" classname="tests.AfterLogin">
    <skipped/>
  </testcase> <!-- @BeforeMethod testPageTitle -->
  <testcase name="@AfterMethod refreshBrowser" time="0.0" classname="tests.AfterLogin">
    <skipped/>
  </testcase> <!-- @AfterMethod refreshBrowser -->
  <testcase name="@BeforeMethod testPageTitle" time="0.0" classname="tests.Tasks">
    <skipped/>
  </testcase> <!-- @BeforeMethod testPageTitle -->
  <testcase name="@AfterMethod refreshBrowser" time="0.0" classname="tests.Tasks">
    <skipped/>
  </testcase> <!-- @AfterMethod refreshBrowser -->
  <testcase name="@BeforeMethod testPageTitle" time="0.0" classname="tests.Tasks">
    <skipped/>
  </testcase> <!-- @BeforeMethod testPageTitle -->
  <testcase name="@AfterMethod refreshBrowser" time="0.0" classname="tests.Tasks">
    <skipped/>
  </testcase> <!-- @AfterMethod refreshBrowser -->
  <testcase name="@BeforeMethod testPageTitle" time="0.0" classname="tests.Tasks">
    <skipped/>
  </testcase> <!-- @BeforeMethod testPageTitle -->
  <testcase name="@AfterMethod refreshBrowser" time="0.0" classname="tests.Tasks">
    <skipped/>
  </testcase> <!-- @AfterMethod refreshBrowser -->
  <testcase name="testWithoutLoginMessage" time="0.477" classname="tests.SignInTest"/>
  <testcase name="checkWidgetcount" time="0.0" classname="tests.AfterLogin">
    <skipped/>
  </testcase> <!-- checkWidgetcount -->
  <testcase name="newWindowMessage" time="0.0" classname="tests.Tasks">
    <skipped/>
  </testcase> <!-- newWindowMessage -->
  <testcase name="testLoginMsg" time="1.421" classname="tests.SignInTest"/>
  <testcase name="checkCountryCount" time="0.0" classname="tests.AfterLogin">
    <skipped/>
  </testcase> <!-- checkCountryCount -->
  <testcase name="doTasks" time="0.0" classname="tests.Tasks">
    <skipped/>
  </testcase> <!-- doTasks -->
  <testcase name="testPageTitle" time="1.028" classname="tests.SignInTest"/>
  <testcase name="alert" time="0.0" classname="tests.AfterLogin">
    <skipped/>
  </testcase> <!-- alert -->
  <testcase name="printDate" time="0.0" classname="tests.Tasks">
    <skipped/>
  </testcase> <!-- printDate -->
  <testcase name="printTextFromAutocomplete" time="0.0" classname="tests.Tasks">
    <skipped/>
  </testcase> <!-- printTextFromAutocomplete -->
  <testcase name="printRandomTextFromAutocomplete" time="0.0" classname="tests.Tasks">
    <skipped/>
  </testcase> <!-- printRandomTextFromAutocomplete -->
  <testcase name="@AfterSuite tearDown" time="0.0" classname="base.BaseClass">
    <ignored/>
  </testcase> <!-- @AfterSuite tearDown -->
  <testcase name="@AfterSuite tearDown" time="0.0" classname="base.BaseClass">
    <ignored/>
  </testcase> <!-- @AfterSuite tearDown -->
  <testcase name="@BeforeSuite initialiseSuite" time="0.0" classname="base.BaseClass">
    <ignored/>
  </testcase> <!-- @BeforeSuite initialiseSuite -->
  <testcase name="@BeforeSuite initialiseSuite" time="0.0" classname="base.BaseClass">
    <ignored/>
  </testcase> <!-- @BeforeSuite initialiseSuite -->
</testsuite> <!-- Test -->
