<?xml version="1.0" encoding="UTF-8"?>
<testsuite name="Test"
           tests="15"
           failures="1"
           errors="0"
           skipped="14"
           time="0.000">
  <properties />
            <testcase name="testPageTitle" time="0.000" classname="tests.Tasks">
                <failure type="java.lang.NullPointerException"
                  message="(null)"
              >
<![CDATA[java.lang.NullPointerException
  pages.SignInPage.clickOnSignButton(SignInPage.java:30)
  pages.SignInPage.signinWithCredentials(SignInPage.java:74)
  tests.Tasks.testPageTitle(Tasks.java:28)
  sun.reflect.NativeMethodAccessorImpl.invoke0(Native Method)
  sun.reflect.NativeMethodAccessorImpl.invoke(Unknown Source)
  sun.reflect.DelegatingMethodAccessorImpl.invoke(Unknown Source)
  java.lang.reflect.Method.invoke(Unknown Source)
  org.testng.internal.MethodInvocationHelper.invokeMethod(MethodInvocationHelper.java:124)
  org.testng.internal.MethodInvocationHelper.invokeMethodConsideringTimeout(MethodInvocationHelper.java:59)
  org.testng.internal.Invoker.invokeConfigurationMethod(Invoker.java:458)
  org.testng.internal.Invoker.invokeConfigurations(Invoker.java:222)
  org.testng.internal.Invoker.invokeMethod(Invoker.java:523)
  org.testng.internal.Invoker.invokeTestMethod(Invoker.java:719)
  org.testng.internal.Invoker.invokeTestMethods(Invoker.java:989)
  org.testng.internal.TestMethodWorker.invokeTestMethods(TestMethodWorker.java:125)
  org.testng.internal.TestMethodWorker.run(TestMethodWorker.java:109)
  org.testng.TestRunner.privateRun(TestRunner.java:648)
  org.testng.TestRunner.run(TestRunner.java:505)
  org.testng.SuiteRunner.runTest(SuiteRunner.java:455)
  org.testng.SuiteRunner.runSequentially(SuiteRunner.java:450)
  org.testng.SuiteRunner.privateRun(SuiteRunner.java:415)
  org.testng.SuiteRunner.run(SuiteRunner.java:364)
  org.testng.SuiteRunnerWorker.runSuite(SuiteRunnerWorker.java:52)
  org.testng.SuiteRunnerWorker.run(SuiteRunnerWorker.java:84)
  org.testng.TestNG.runSuitesSequentially(TestNG.java:1208)
  org.testng.TestNG.runSuitesLocally(TestNG.java:1137)
  org.testng.TestNG.runSuites(TestNG.java:1049)
  org.testng.TestNG.run(TestNG.java:1017)
  org.testng.remote.AbstractRemoteTestNG.run(AbstractRemoteTestNG.java:115)
  org.testng.remote.RemoteTestNG.initAndRun(RemoteTestNG.java:251)
  org.testng.remote.RemoteTestNG.main(RemoteTestNG.java:77)
]]>
      </failure>

          </testcase>
  
            <testcase name="testPageTitle" time="0.0" classname="tests.Tasks">
          <skipped />
    </testcase>
            <testcase name="testPageTitle" time="0.0" classname="tests.Tasks">
          <skipped />
    </testcase>
            <testcase name="refreshBrowser" time="0.0" classname="tests.Tasks">
          <skipped />
    </testcase>
            <testcase name="refreshBrowser" time="0.0" classname="tests.Tasks">
          <skipped />
    </testcase>
            <testcase name="refreshBrowser" time="0.0" classname="tests.Tasks">
          <skipped />
    </testcase>
            <testcase name="refreshBrowser" time="0.0" classname="tests.Tasks">
          <skipped />
    </testcase>
            <testcase name="refreshBrowser" time="0.0" classname="tests.Tasks">
          <skipped />
    </testcase>
            <testcase name="testPageTitle" time="0.0" classname="tests.Tasks">
          <skipped />
    </testcase>
            <testcase name="testPageTitle" time="0.0" classname="tests.Tasks">
          <skipped />
    </testcase>
            <testcase name="doTasks" time="0.0" classname="tests.Tasks">
          <skipped />
    </testcase>
            <testcase name="printTextFromAutocomplete" time="0.0" classname="tests.Tasks">
          <skipped />
    </testcase>
            <testcase name="newWindowMessage" time="0.0" classname="tests.Tasks">
          <skipped />
    </testcase>
            <testcase name="printRandomTextFromAutocomplete" time="0.0" classname="tests.Tasks">
          <skipped />
    </testcase>
            <testcase name="printDate" time="0.0" classname="tests.Tasks">
          <skipped />
    </testcase>
  
  
</testsuite>
