<?xml version="1.0" encoding="UTF-8"?>
<!-- Generated by org.testng.reporters.JUnitXMLReporter -->
<testsuite hostname="Latitude-E5570" ignored="2" name="Default test" tests="1" failures="0" timestamp="20 May 2019 01:19:49 GMT" time="2.606" errors="0">
  <testcase name="checkWidgetcount" time="1.314" classname="tests.AfterLogin"/>
  <testcase name="checkCountryCount" time="0.0" classname="tests.AfterLogin">
    <ignored/>
  </testcase> <!-- checkCountryCount -->
  <testcase name="alert" time="0.0" classname="tests.AfterLogin">
    <ignored/>
  </testcase> <!-- alert -->
</testsuite> <!-- Default test -->
